[    0.000000] Linux version 4.15.0-212-generic (buildd@lcy02-amd64-083) (gcc version 7.5.0 (Ubuntu 7.5.0-3ubuntu1~18.04)) #223-Ubuntu SMP Tue May 23 13:09:22 UTC 2023 (Ubuntu 4.15.0-212.223-generic 4.15.18)
[    0.000000] Command line: BOOT_IMAGE=/boot/vmlinuz-4.15.0-212-generic root=LABEL=cloudimg-rootfs ro console=tty1 console=ttyS0
[    0.000000] KERNEL supported cpus:
[    0.000000]   Intel GenuineIntel
[    0.000000]   AMD AuthenticAMD
[    0.000000]   Centaur CentaurHauls
[    0.000000] x86/fpu: x87 FPU will use FXSAVE
[    0.000000] e820: BIOS-provided physical RAM map:
[    0.000000] BIOS-e820: [mem 0x0000000000000000-0x000000000009fbff] usable
[    0.000000] BIOS-e820: [mem 0x000000000009fc00-0x000000000009ffff] reserved
[    0.000000] BIOS-e820: [mem 0x00000000000f0000-0x00000000000fffff] reserved
[    0.000000] BIOS-e820: [mem 0x0000000000100000-0x000000007ffeffff] usable
[    0.000000] BIOS-e820: [mem 0x000000007fff0000-0x000000007fffffff] ACPI data
[    0.000000] BIOS-e820: [mem 0x00000000fec00000-0x00000000fec00fff] reserved
[    0.000000] BIOS-e820: [mem 0x00000000fee00000-0x00000000fee00fff] reserved
[    0.000000] BIOS-e820: [mem 0x00000000fffc0000-0x00000000ffffffff] reserved
[    0.000000] NX (Execute Disable) protection: active
[    0.000000] SMBIOS 2.5 present.
[    0.000000] DMI: innotek GmbH VirtualBox/VirtualBox, BIOS VirtualBox 12/01/2006
[    0.000000] Hypervisor detected: KVM
[    0.000000] e820: last_pfn = 0x7fff0 max_arch_pfn = 0x400000000
[    0.000000] MTRR: Disabled
[    0.000000] x86/PAT: MTRRs disabled, skipping PAT initialization too.
[    0.000000] CPU MTRRs all blank - virtualized system.
[    0.000000] x86/PAT: Configuration [0-7]: WB  WT  UC- UC  WB  WT  UC- UC  
[    0.000000] found SMP MP-table at [mem 0x0009fff0-0x0009ffff]
[    0.000000] Scanning 1 areas for low memory corruption
[    0.000000] RAMDISK: [mem 0x359cb000-0x36cdcfff]
[    0.000000] ACPI: Early table checksum verification disabled
[    0.000000] ACPI: RSDP 0x00000000000E0000 000024 (v02 VBOX  )
[    0.000000] ACPI: XSDT 0x000000007FFF0030 00003C (v01 VBOX   VBOXXSDT 00000001 ASL  00000061)
[    0.000000] ACPI: FACP 0x000000007FFF00F0 0000F4 (v04 VBOX   VBOXFACP 00000001 ASL  00000061)
[    0.000000] ACPI: DSDT 0x000000007FFF0610 002353 (v02 VBOX   VBOXBIOS 00000002 INTL 20100528)
[    0.000000] ACPI: FACS 0x000000007FFF0200 000040
[    0.000000] ACPI: FACS 0x000000007FFF0200 000040
[    0.000000] ACPI: APIC 0x000000007FFF0240 00005C (v02 VBOX   VBOXAPIC 00000001 ASL  00000061)
[    0.000000] ACPI: SSDT 0x000000007FFF02A0 00036C (v01 VBOX   VBOXCPUT 00000002 INTL 20100528)
[    0.000000] ACPI: Reserving FACP table memory at [mem 0x7fff00f0-0x7fff01e3]
[    0.000000] ACPI: Reserving DSDT table memory at [mem 0x7fff0610-0x7fff2962]
[    0.000000] ACPI: Reserving FACS table memory at [mem 0x7fff0200-0x7fff023f]
[    0.000000] ACPI: Reserving FACS table memory at [mem 0x7fff0200-0x7fff023f]
[    0.000000] ACPI: Reserving APIC table memory at [mem 0x7fff0240-0x7fff029b]
[    0.000000] ACPI: Reserving SSDT table memory at [mem 0x7fff02a0-0x7fff060b]
[    0.000000] No NUMA configuration found
[    0.000000] Faking a node at [mem 0x0000000000000000-0x000000007ffeffff]
[    0.000000] NODE_DATA(0) allocated [mem 0x7ffc5000-0x7ffeffff]
[    0.000000] kvm-clock: cpu 0, msr 0:7ff44001, primary cpu clock
[    0.000000] kvm-clock: Using msrs 4b564d01 and 4b564d00
[    0.000000] kvm-clock: using sched offset of 5430417081 cycles
[    0.000000] clocksource: kvm-clock: mask: 0xffffffffffffffff max_cycles: 0x1cd42e4dffb, max_idle_ns: 881590591483 ns
[    0.000000] Zone ranges:
[    0.000000]   DMA      [mem 0x0000000000001000-0x0000000000ffffff]
[    0.000000]   DMA32    [mem 0x0000000001000000-0x000000007ffeffff]
[    0.000000]   Normal   empty
[    0.000000]   Device   empty
[    0.000000] Movable zone start for each node
[    0.000000] Early memory node ranges
[    0.000000]   node   0: [mem 0x0000000000001000-0x000000000009efff]
[    0.000000]   node   0: [mem 0x0000000000100000-0x000000007ffeffff]
[    0.000000] Reserved but unavailable: 104 pages
[    0.000000] Initmem setup node 0 [mem 0x0000000000001000-0x000000007ffeffff]
[    0.000000] ACPI: PM-Timer IO Port: 0x4008
[    0.000000] IOAPIC[0]: apic_id 2, version 32, address 0xfec00000, GSI 0-23
[    0.000000] ACPI: INT_SRC_OVR (bus 0 bus_irq 0 global_irq 2 dfl dfl)
[    0.000000] ACPI: INT_SRC_OVR (bus 0 bus_irq 9 global_irq 9 low level)
[    0.000000] Using ACPI (MADT) for SMP configuration information
[    0.000000] smpboot: Allowing 2 CPUs, 0 hotplug CPUs
[    0.000000] PM: Registered nosave memory: [mem 0x00000000-0x00000fff]
[    0.000000] PM: Registered nosave memory: [mem 0x0009f000-0x0009ffff]
[    0.000000] PM: Registered nosave memory: [mem 0x000a0000-0x000effff]
[    0.000000] PM: Registered nosave memory: [mem 0x000f0000-0x000fffff]
[    0.000000] e820: [mem 0x80000000-0xfebfffff] available for PCI devices
[    0.000000] Booting paravirtualized kernel on KVM
[    0.000000] clocksource: refined-jiffies: mask: 0xffffffff max_cycles: 0xffffffff, max_idle_ns: 7645519600211568 ns
[    0.000000] setup_percpu: NR_CPUS:8192 nr_cpumask_bits:2 nr_cpu_ids:2 nr_node_ids:1
[    0.000000] percpu: Embedded 50 pages/cpu s167936 r8192 d28672 u1048576
[    0.000000] PV qspinlock hash table entries: 256 (order: 0, 4096 bytes)
[    0.000000] Built 1 zonelists, mobility grouping on.  Total pages: 515961
[    0.000000] Policy zone: DMA32
[    0.000000] Kernel command line: BOOT_IMAGE=/boot/vmlinuz-4.15.0-212-generic root=LABEL=cloudimg-rootfs ro console=tty1 console=ttyS0
[    0.000000] Memory: 2014836K/2096696K available (12300K kernel code, 2477K rwdata, 4324K rodata, 2480K init, 2720K bss, 81860K reserved, 0K cma-reserved)
[    0.000000] SLUB: HWalign=64, Order=0-3, MinObjects=0, CPUs=2, Nodes=1
[    0.000000] ftrace: allocating 39508 entries in 155 pages
[    0.004000] Hierarchical RCU implementation.
[    0.004000] 	RCU restricting CPUs from NR_CPUS=8192 to nr_cpu_ids=2.
[    0.004000] 	Tasks RCU enabled.
[    0.004000] RCU: Adjusting geometry for rcu_fanout_leaf=16, nr_cpu_ids=2
[    0.004000] NR_IRQS: 524544, nr_irqs: 440, preallocated irqs: 16
[    0.004000] random: crng init done
[    0.004000] Console: colour VGA+ 80x25
[    0.004000] console [tty1] enabled
[    0.004000] console [ttyS0] enabled
[    0.004000] ACPI: Core revision 20170831
[    0.004000] ACPI: 2 ACPI AML tables successfully acquired and loaded
[    0.004000] APIC: Switch to symmetric I/O mode setup
[    0.008000] ..TIMER: vector=0x30 apic1=0 pin1=2 apic2=-1 pin2=-1
[    0.008013] tsc: Detected 2496.000 MHz processor
[    0.012000] Calibrating delay loop (skipped) preset value.. 4992.00 BogoMIPS (lpj=9984000)
[    0.012009] pid_max: default: 32768 minimum: 301
[    0.016200] Security Framework initialized
[    0.020007] Yama: becoming mindful.
[    0.024000] AppArmor: AppArmor initialized
[    0.032000] Dentry cache hash table entries: 262144 (order: 9, 2097152 bytes)
[    0.040064] Inode-cache hash table entries: 131072 (order: 8, 1048576 bytes)
[    0.044356] Mount-cache hash table entries: 4096 (order: 3, 32768 bytes)
[    0.048323] Mountpoint-cache hash table entries: 4096 (order: 3, 32768 bytes)
[    0.056000] Last level iTLB entries: 4KB 0, 2MB 0, 4MB 0
[    0.060005] Last level dTLB entries: 4KB 0, 2MB 0, 4MB 0, 1GB 0
[    0.064008] Spectre V1 : Mitigation: usercopy/swapgs barriers and __user pointer sanitization
[    0.068008] Spectre V2 : Mitigation: Enhanced IBRS
[    0.072006] Spectre V2 : Spectre v2 / SpectreRSB mitigation: Filling RSB on context switch
[    0.076005] Spectre V2 : Spectre v2 / PBRSB-eIBRS: Retire a single CALL on VMEXIT
[    0.080005] RETBleed: Mitigation: Enhanced IBRS
[    0.084005] Speculative Store Bypass: Vulnerable
[    0.088268] Freeing SMP alternatives memory: 36K
[    0.251519] APIC calibration not consistent with PM-Timer: 171ms instead of 100ms
[    0.252000] APIC delta adjusted to PM-Timer: 6342209 (10893471)
[    0.252765] smpboot: CPU0: 12th Gen Intel(R) Core(TM) i5-12450H (family: 0x6, model: 0x9a, stepping: 0x3)
[    0.257035] Performance Events: unsupported p6 CPU model 154 no PMU driver, software events only.
[    0.260248] Hierarchical SRCU implementation.
[    0.268890] NMI watchdog: Perf event create on CPU 0 failed with -2
[    0.272157] NMI watchdog: Perf NMI watchdog permanently disabled
[    0.276819] smp: Bringing up secondary CPUs ...
[    0.282262] x86: Booting SMP configuration:
[    0.284007] .... node  #0, CPUs:      #1
[    0.004000] kvm-clock: cpu 1, msr 0:7ff44041, secondary cpu clock
[    0.306908] TSC synchronization [CPU#0 -> CPU#1]:
[    0.308000] Measured 150174 cycles TSC warp between CPUs, turning off TSC clock.
[    0.308000] tsc: Marking TSC unstable due to check_tsc_sync_source failed
[    0.312583] smp: Brought up 1 node, 2 CPUs
[    0.316012] smpboot: Max logical packages: 1
[    0.320008] smpboot: Total of 2 processors activated (9984.00 BogoMIPS)
[    0.326783] devtmpfs: initialized
[    0.336460] x86/mm: Memory block size: 128MB
[    0.349568] evm: security.selinux
[    0.364007] evm: security.SMACK64
[    0.376004] evm: security.SMACK64EXEC
[    0.388006] evm: security.SMACK64TRANSMUTE
[    0.404006] evm: security.SMACK64MMAP
[    0.416009] evm: security.apparmor
[    0.428005] evm: security.ima
[    0.440005] evm: security.capability
[    0.452158] clocksource: jiffies: mask: 0xffffffff max_cycles: 0xffffffff, max_idle_ns: 7645041785100000 ns
[    0.464259] futex hash table entries: 512 (order: 3, 32768 bytes)
[    0.484468] pinctrl core: initialized pinctrl subsystem
[    0.504971] RTC time:  1:10:11, date: 04/13/24
[    0.520970] NET: Registered protocol family 16
[    0.536252] audit: initializing netlink subsys (disabled)
[    0.552585] audit: type=2000 audit(1712970617.203:1): state=initialized audit_enabled=0 res=1
[    0.556020] cpuidle: using governor ladder
[    0.572410] cpuidle: using governor menu
[    0.576256] ACPI: bus type PCI registered
[    0.580000] acpiphp: ACPI Hot Plug PCI Controller Driver version: 0.5
[    0.581200] PCI: Using configuration type 1 for base access
[    0.596408] HugeTLB registered 2.00 MiB page size, pre-allocated 0 pages
[    0.612324] ACPI: Added _OSI(Module Device)
[    0.616000] ACPI: Added _OSI(Processor Device)
[    0.616007] ACPI: Added _OSI(3.0 _SCP Extensions)
[    0.620006] ACPI: Added _OSI(Processor Aggregator Device)
[    0.624009] ACPI: Added _OSI(Linux-Dell-Video)
[    0.628007] ACPI: Added _OSI(Linux-Lenovo-NV-HDMI-Audio)
[    0.632007] ACPI: Added _OSI(Linux-HPI-Hybrid-Graphics)
[    0.641298] ACPI: Executed 1 blocks of module-level executable AML code
[    0.644301] ACPI: Interpreter enabled
[    0.648000] ACPI: (supports S0 S5)
[    0.648007] ACPI: Using IOAPIC for interrupt routing
[    0.652000] PCI: Using host bridge windows from ACPI; if necessary, use "pci=nocrs" and report a bug
[    0.652516] ACPI: Enabled 2 GPEs in block 00 to 07
[    0.660000] ACPI: PCI Root Bridge [PCI0] (domain 0000 [bus 00-ff])
[    0.660015] acpi PNP0A03:00: _OSC: OS supports [ASPM ClockPM Segments MSI]
[    0.664000] acpi PNP0A03:00: _OSC: not requesting OS control; OS requires [ExtendedConfig ASPM ClockPM MSI]
[    0.664031] acpi PNP0A03:00: fail to add MMCONFIG information, can't access extended PCI configuration space under this bridge.
[    0.672276] PCI host bridge to bus 0000:00
[    0.676009] pci_bus 0000:00: root bus resource [io  0x0000-0x0cf7 window]
[    0.680012] pci_bus 0000:00: root bus resource [io  0x0d00-0xffff window]
[    0.684014] pci_bus 0000:00: root bus resource [mem 0x000a0000-0x000bffff window]
[    0.688013] pci_bus 0000:00: root bus resource [mem 0x80000000-0xfdffffff window]
[    0.692009] pci_bus 0000:00: root bus resource [bus 00-ff]
[    0.732109] pci 0000:00:01.1: legacy IDE quirk: reg 0x10: [io  0x01f0-0x01f7]
[    0.736008] pci 0000:00:01.1: legacy IDE quirk: reg 0x14: [io  0x03f6]
[    0.740000] pci 0000:00:01.1: legacy IDE quirk: reg 0x18: [io  0x0170-0x0177]
[    0.744010] pci 0000:00:01.1: legacy IDE quirk: reg 0x1c: [io  0x0376]
[    0.814577] pci 0000:00:07.0: quirk: [io  0x4000-0x403f] claimed by PIIX4 ACPI
[    0.816090] pci 0000:00:07.0: quirk: [io  0x4100-0x410f] claimed by PIIX4 SMB
[    0.824000] ACPI: PCI Interrupt Link [LNKA] (IRQs 5 9 10 *11)
[    0.824011] ACPI: PCI Interrupt Link [LNKB] (IRQs 5 9 *10 11)
[    0.828000] ACPI: PCI Interrupt Link [LNKC] (IRQs 5 *9 10 11)
[    0.828000] ACPI: PCI Interrupt Link [LNKD] (IRQs 5 9 10 *11)
[    0.829493] SCSI subsystem initialized
[    0.832269] pci 0000:00:02.0: vgaarb: setting as boot VGA device
[    0.836000] pci 0000:00:02.0: vgaarb: VGA device added: decodes=io+mem,owns=io+mem,locks=none
[    0.836011] pci 0000:00:02.0: vgaarb: bridge control possible
[    0.840006] vgaarb: loaded
[    0.844201] ACPI: bus type USB registered
[    0.848037] usbcore: registered new interface driver usbfs
[    0.852000] usbcore: registered new interface driver hub
[    0.852024] usbcore: registered new device driver usb
[    0.860017] EDAC MC: Ver: 3.0.0
[    0.872416] PCI: Using ACPI for IRQ routing
[    0.877888] NetLabel: Initializing
[    0.880006] NetLabel:  domain hash size = 128
[    0.884007] NetLabel:  protocols = UNLABELED CIPSOv4 CALIPSO
[    0.892676] NetLabel:  unlabeled traffic allowed by default
[    0.904000] clocksource: Switched to clocksource kvm-clock
[    0.921881] VFS: Disk quotas dquot_6.6.0
[    0.921881] VFS: Dquot-cache hash table entries: 512 (order 0, 4096 bytes)
[    0.921881] AppArmor: AppArmor Filesystem Enabled
[    0.921881] pnp: PnP ACPI init
[    0.921881] pnp: PnP ACPI: found 3 devices
[    1.157102] clocksource: acpi_pm: mask: 0xffffff max_cycles: 0xffffff, max_idle_ns: 2085701024 ns
[    1.160975] NET: Registered protocol family 2
[    1.160975] IP idents hash table entries: 32768 (order: 6, 262144 bytes)
[    1.209704] TCP established hash table entries: 16384 (order: 5, 131072 bytes)
[    1.226210] TCP bind hash table entries: 16384 (order: 6, 262144 bytes)
[    1.242986] TCP: Hash tables configured (established 16384 bind 16384)
[    1.258830] UDP hash table entries: 1024 (order: 3, 32768 bytes)
[    1.271682] UDP-Lite hash table entries: 1024 (order: 3, 32768 bytes)
[    1.285194] NET: Registered protocol family 1
[    1.294810] pci 0000:00:00.0: Limiting direct PCI/PCI transfers
[    1.308489] pci 0000:00:01.0: Activating ISA DMA hang workarounds
[    1.323095] pci 0000:00:02.0: Video device with shadowed ROM at [mem 0x000c0000-0x000dffff]
[    1.343094] Unpacking initramfs...
[    2.246938] Freeing initrd memory: 19528K
[    2.246938] clocksource: tsc: mask: 0xffffffffffffffff max_cycles: 0x23fa772cf26, max_idle_ns: 440795269835 ns
[    2.246938] platform rtc_cmos: registered platform RTC device (no PNP device found)
[    2.246938] Scanning for low memory corruption every 60 seconds
[    2.337834] Initialise system trusted keyrings
[    2.350195] Key type blacklist registered
[    2.362365] workingset: timestamp_bits=36 max_order=19 bucket_order=0
[    2.385012] zbud: loaded
[    2.395503] squashfs: version 4.0 (2009/01/31) Phillip Lougher
[    2.410393] fuse init (API version 7.26)
[    2.472792] Key type asymmetric registered
[    2.476694] Asymmetric key parser 'x509' registered
[    2.492495] Block layer SCSI generic (bsg) driver version 0.4 loaded (major 246)
[    2.509952] io scheduler noop registered
[    2.519669] io scheduler deadline registered
[    2.531675] io scheduler cfq registered (default)
[    2.543117] ACPI: AC Adapter [AC] (on-line)
[    2.552343] input: Power Button as /devices/LNXSYSTM:00/LNXPWRBN:00/input/input0
[    2.569227] ACPI: Power Button [PWRF]
[    2.577732] input: Sleep Button as /devices/LNXSYSTM:00/LNXSLPBN:00/input/input1
[    2.581400] ACPI: Sleep Button [SLPF]
[    2.603691] ACPI: Battery Slot [BAT0] (battery present)
[    2.604346] Serial: 8250/16550 driver, 32 ports, IRQ sharing enabled
[    2.659185] 00:02: ttyS0 at I/O 0x3f8 (irq = 4, base_baud = 115200) is a 16550A
[    2.704985] Linux agpgart interface v0.103
[    2.733503] loop: module loaded
[    2.745032] scsi host0: ata_piix
[    2.763276] scsi host1: ata_piix
[    2.770765] ata1: PATA max UDMA/33 cmd 0x1f0 ctl 0x3f6 bmdma 0xd000 irq 14
[    2.784918] ata2: PATA max UDMA/33 cmd 0x170 ctl 0x376 bmdma 0xd008 irq 15
[    2.801879] tun: Universal TUN/TAP device driver, 1.6
[    2.814913] PPP generic driver version 2.4.2
[    2.824026] ehci_hcd: USB 2.0 'Enhanced' Host Controller (EHCI) Driver
[    2.838095] ehci-pci: EHCI PCI platform driver
[    2.849792] ehci-platform: EHCI generic platform driver
[    2.861839] ohci_hcd: USB 1.1 'Open' Host Controller (OHCI) Driver
[    2.876033] ohci-pci: OHCI PCI platform driver
[    2.888439] ohci-platform: OHCI generic platform driver
[    2.902523] uhci_hcd: USB Universal Host Controller Interface driver
[    2.918765] i8042: PNP: PS/2 Controller [PNP0303:PS2K,PNP0f03:PS2M] at 0x60,0x64 irq 1,12
[    2.943603] serio: i8042 KBD port at 0x60,0x64 irq 1
[    2.954375] serio: i8042 AUX port at 0x60,0x64 irq 12
[    2.966697] mousedev: PS/2 mouse device common for all mice
[    3.031517] rtc_cmos rtc_cmos: rtc core: registered rtc_cmos as rtc0
[    3.046185] rtc_cmos rtc_cmos: alarms up to one day, 114 bytes nvram
[    3.063052] i2c /dev entries driver
[    3.072697] device-mapper: uevent: version 1.0.3
[    3.076543] device-mapper: ioctl: 4.37.0-ioctl (2017-09-20) initialised: dm-devel@redhat.com
[    3.099405] ledtrig-cpu: registered to indicate activity on CPUs
[    3.116744] input: AT Translated Set 2 keyboard as /devices/platform/i8042/serio0/input/input2
[    3.120721] NET: Registered protocol family 10
[    3.168901] Segment Routing with IPv6
[    3.177804] NET: Registered protocol family 17
[    3.187127] Key type dns_resolver registered
[    3.198070] mce: Using 0 MCE banks
[    3.205772] RAS: Correctable Errors collector initialized.
[    3.217339] sched_clock: Marking stable (3217016771, 0)->(5555314289, -2338297518)
[    3.243144] registered taskstats version 1
[    3.252845] Loading compiled-in X.509 certificates
[    3.270633] Loaded X.509 cert 'Build time autogenerated kernel key: b5b26778eaa3ab3a4a6cee031137706e947d12ad'
[    3.292867] Loaded X.509 cert 'Canonical Ltd. Live Patch Signing: 14df34d1a87cf37625abec039ef2bf521249b969'
[    3.314484] Loaded X.509 cert 'Canonical Ltd. Kernel Module Signing: 88f752e560a1e0737e31163a466ad7b70a850c19'
[    3.334476] blacklist: Loading compiled-in revocation X.509 certificates
[    3.347632] Loaded X.509 cert 'Canonical Ltd. Secure Boot Signing: 61482aa2830d0ab2ad5af10b7250da9033ddcef0'
[    3.374688] Loaded X.509 cert 'Canonical Ltd. Secure Boot Signing (2017): 242ade75ac4a15e50d50c84b0d45ff3eae707a03'
[    3.396413] Loaded X.509 cert 'Canonical Ltd. Secure Boot Signing (ESM 2018): 365188c1d374d6b07c3c8f240f8ef722433d6a8b'
[    3.420146] Loaded X.509 cert 'Canonical Ltd. Secure Boot Signing (2019): c0746fd6c5da3ae827864651ad66ae47fe24b3e8'
[    3.439951] Loaded X.509 cert 'Canonical Ltd. Secure Boot Signing (2021 v1): a8d54bbb3825cfb94fa13c9f8a594a195c107b8d'
[    3.462210] Loaded X.509 cert 'Canonical Ltd. Secure Boot Signing (2021 v2): 4cf046892d6fd3c9a5b03f98d845f90851dc6a8c'
[    3.483459] Loaded X.509 cert 'Canonical Ltd. Secure Boot Signing (2021 v3): 100437bb6de6e469b581e61cd66bce3ef4ed53af'
[    3.506207] Loaded X.509 cert 'Canonical Ltd. Secure Boot Signing (Ubuntu Core 2019): c1d57b8f6b743f23ee41f4f7ee292f06eecadfb9'
[    3.529439] zswap: loaded using pool lzo/zbud
[    3.573192] Key type big_key registered
[    3.581327] Key type trusted registered
[    3.603186] Key type encrypted registered
[    3.611678] AppArmor: AppArmor sha1 policy hashing enabled
[    3.624157] ima: No TPM chip found, activating TPM-bypass! (rc=-19)
[    3.638172] ima: Allocated hash algorithm: sha1
[    3.648483] evm: HMAC attrs: 0x1
[    3.657929]   Magic number: 4:682:154
[    3.667061] rtc_cmos rtc_cmos: setting system clock to 2024-04-13 01:10:15 UTC (1712970615)
[    3.685593] BIOS EDD facility v0.16 2004-Jun-25, 0 devices found
[    3.697947] EDD information not available.
[    3.713071] Freeing unused kernel image memory: 2480K
[    3.758503] Write protecting the kernel read-only data: 20480k
[    3.782455] Freeing unused kernel image memory: 2008K
[    3.795714] Freeing unused kernel image memory: 1820K
[    3.812638] x86/mm: Checked W+X mappings: passed, no W+X pages found.
Loading, please wait...
starting version 237
[    4.019420] e1000: Intel(R) PRO/1000 Network Driver - version 7.3.21-k8-NAPI
[    4.054325] e1000: Copyright (c) 1999-2006 Intel Corporation.
[    4.093821] Fusion MPT base driver 3.04.20
[    4.104997] Copyright (c) 1999-2008 LSI Corporation
[    4.235387] SSE version of gcm_enc/dec engaged.
[    4.260025] Fusion MPT SPI Host driver 3.04.20
[    4.482895] input: ImExPS/2 Generic Explorer Mouse as /devices/platform/i8042/serio1/input/input4
[    5.323508] e1000 0000:00:03.0 eth0: (PCI:33MHz:32-bit) 02:3b:7b:b7:3b:2d
[    5.339200] e1000 0000:00:03.0 eth0: Intel(R) PRO/1000 Network Connection
[    6.446684] e1000 0000:00:08.0 eth1: (PCI:33MHz:32-bit) 08:00:27:8d:27:5e
[    6.465581] e1000 0000:00:08.0 eth1: Intel(R) PRO/1000 Network Connection
[    6.485664] e1000 0000:00:08.0 enp0s8: renamed from eth1
[    6.497534] mptbase: ioc0: Initiating bringup
[    6.528979] e1000 0000:00:03.0 enp0s3: renamed from eth0
[    6.653467] ioc0: LSI53C1030 A0: Capabilities={Initiator}
[    7.313624] scsi host2: ioc0: LSI53C1030 A0, FwRev=00000000h, Ports=1, MaxQ=256, IRQ=20
[    9.131057] scsi 2:0:0:0: Direct-Access     VBOX     HARDDISK         1.0  PQ: 0 ANSI: 5
[    9.184441] scsi target2:0:0: Beginning Domain Validation
[    9.221541] scsi target2:0:0: Domain Validation skipping write tests
[    9.235541] scsi target2:0:0: Ending Domain Validation
[    9.248365] scsi target2:0:0: asynchronous
[    9.264181] scsi 2:0:1:0: Direct-Access     VBOX     HARDDISK         1.0  PQ: 0 ANSI: 5
[    9.320184] scsi target2:0:1: Beginning Domain Validation
[    9.356815] scsi target2:0:1: Domain Validation skipping write tests
[    9.370846] scsi target2:0:1: Ending Domain Validation
[    9.383735] scsi target2:0:1: asynchronous
[    9.428914] sd 2:0:0:0: [sda] 83886080 512-byte logical blocks: (42.9 GB/40.0 GiB)
[    9.430288] sd 2:0:0:0: Attached scsi generic sg0 type 0
[    9.449988] sd 2:0:0:0: [sda] Write Protect is off
[    9.473571] sd 2:0:1:0: Attached scsi generic sg1 type 0
[    9.473837] sd 2:0:0:0: [sda] Incomplete mode parameter data
[    9.498553] sd 2:0:0:0: [sda] Assuming drive cache: write through
[    9.515135] sd 2:0:1:0: [sdb] 20480 512-byte logical blocks: (10.5 MB/10.0 MiB)
[    9.533005]  sda: sda1
[    9.541042] sd 2:0:1:0: [sdb] Write Protect is off
[    9.557841] sd 2:0:1:0: [sdb] Incomplete mode parameter data
[    9.569512] sd 2:0:1:0: [sdb] Assuming drive cache: write through
[    9.577699] sd 2:0:0:0: [sda] Attached SCSI disk
[    9.617946] sd 2:0:1:0: [sdb] Attached SCSI disk
Begin: Loading essential drivers ... [   13.311740] raid6: sse2x1   gen() 108731 MB/s
[   14.306419] raid6: sse2x1   xor() 113544 MB/s
[   16.315467] raid6: sse2x2   gen() 257359 MB/s
[   17.315182] raid6: sse2x2   xor() 146324 MB/s
[   18.310589] raid6: sse2x4   gen() 273315 MB/s
[   18.369377] raid6: sse2x4   xor()  6071 MB/s
[   18.380314] raid6: using algorithm sse2x4 gen() 273315 MB/s
[   18.393387] raid6: .... xor() 6071 MB/s, rmw enabled
[   18.407306] raid6: using ssse3x2 recovery algorithm
[   18.434116] xor: measuring software checksum speed
[   18.484816]    prefetch64-sse: 11037.000 MB/sec
[   18.601624]    generic_sse: 43157.000 MB/sec
[   18.610377] xor: using function: generic_sse (43157.000 MB/sec)
[   18.631956] async_tx: api initialized (async)
done.
Begin: Running /scripts/init-premount ... done.
Begin: Mounting root file system ... Begin: Running /scripts/local-top ... done.
Begin: Running /scripts/local-premount ... [   18.859778] Btrfs loaded, crc32c=crc32c-intel
Scanning for Btrfs filesystems
done.
Warning: fsck not present, so skipping root file system
[   18.946852] EXT4-fs (sda1): mounted filesystem with ordered data mode. Opts: (null)
done.
Begin: Running /scripts/local-bottom ... done.
Begin: Running /scripts/init-bottom ... done.
[   19.502680] ip_tables: (C) 2000-2006 Netfilter Core Team
[   19.548273] systemd[1]: systemd 237 running in system mode. (+PAM +AUDIT +SELINUX +IMA +APPARMOR +SMACK +SYSVINIT +UTMP +LIBCRYPTSETUP +GCRYPT +GNUTLS +ACL +XZ +LZ4 +SECCOMP +BLKID +ELFUTILS +KMOD -IDN2 +IDN -PCRE2 default-hierarchy=hybrid)
[   19.592102] systemd[1]: Detected virtualization oracle.
[   19.602948] systemd[1]: Detected architecture x86-64.

Welcome to [1mUbuntu 18.04.6 LTS[0m!

[   19.811161] systemd[1]: Set hostname to <ubuntu>.
[   19.832547] systemd[1]: Initializing machine ID from random generator.
[   19.845904] systemd[1]: Installed transient /etc/machine-id file.
[   20.598003] systemd[1]: Created slice System Slice.
[[0;32m  OK  [0m] Created slice System Slice.
[   20.612988] systemd[1]: Listening on Journal Socket.
[[0;32m  OK  [0m] Listening on Journal Socket.
[   20.629596] systemd[1]: Mounting POSIX Message Queue File System...
         Mounting POSIX Message Queue File System...
[   20.661399] systemd[1]: Starting Load Kernel Modules...
         Starting Load Kernel Modules...
         Mounting Kernel Debug File System...
[[0;32m  OK  [0m] Listening on Journal Socket (/dev/log).
[[0;32m  OK  [0m] Listening on fsck to fsckd communication Socket.
[[0;32m  OK  [0m] Reached target System Time Synchronized.
[[0;32m  OK  [0m] Reached target Mounting snaps.
         Mounting Huge Pages File System...
         Starting Create list of required st…ce nodes for the current kernel...
[[0;32m  OK  [0m] Listening on Device-mapper event daemon FIFOs.
[[0;32m  OK  [0m] Reached target Mounted snaps.
[   20.793933] Loading iSCSI transport class v2.0-870.
         Starting File System Check on Root Device...
         Starting Uncomplicated firewall...
[[0;32m  OK  [0m] Created slice User and Session Slice.
[[0;32m  OK  [0m] Listening on Journal Audit Socket.
[[0;32m  OK  [0m] Listening on LVM2 metadata daemon socket.
         Starting Monitoring of LVM2 mirrors…ng dmeventd or progress polling...
[[0;32m  OK  [0m] Listening on LVM2 poll daemon socket.
[[0;32m  OK  [0m] Reached target User and Group Name Lookups.
[[0;32m  OK  [0m] Set up automount Arbitrary Executab…rmats File System Automount Point.
[[0;32m  OK  [0m] Created slice system-serial\x2dgetty.slice.
[[0;32m  OK  [0m] Reached target Swap.
[[0;32m  OK  [0m] Reached target Slices.
[   21.019579] iscsi: registered transport (tcp)
[[0;32m  OK  [0m] Listening on Network Service Netlink Socket.
[[0;32m  OK  [0m] Listening on udev Control Socket.
         Starting Set the console keyboard layout...
[[0;32m  OK  [0m] Started Forward Password Requests to Wall Directory Watch.
[[0;32m  OK  [0m] Listening on udev Kernel Socket.
         Starting udev Coldplug all Devices...
[[0;32m  OK  [0m] Listening on Syslog Socket.
         Starting Journal Service...
[[0;32m  OK  [0m] Listening on /dev/initctl Compatibility Named Pipe.
[[0;32m  OK  [0m] Mounted POSIX Message Queue File System.
[[0;32m  OK  [0m] Mounted Kernel Debug File System.
[[0;32m  OK  [0m] Mounted Huge Pages File System.
[[0;32m  OK  [0m] Started Create list of required sta…vice nodes for the current kernel.
[[0;32m  OK  [0m] Started File System Check on Root Device.[   21.316819] iscsi: registered transport (iser)

[[0;32m  OK  [0m] Started Uncomplicated firewall.
[[0;32m  OK  [0m] Started LVM2 metadata daemon.
[[0;32m  OK  [0m] Started File System Check Daemon to report status.
         Starting Remount Root and Kernel File Systems...
         Starting Create Static Device Nodes in /dev...
[[0;32m  OK  [0m] Started Load Kernel Modules.
         Mounting Kernel Configuration File System...
         Mounting FUSE Control File System...
         Starting Apply Kernel Variables...
[[0;32m  OK  [0m] Mounted Kernel Configuration File System.
[[0;32m  OK  [0m] Started udev Coldplug all Devices.
[[0;32m  OK  [0m] Mounted FUSE Control File System.
[[0;32m  OK  [0m] Started Journal Service.
[   21.660992] EXT4-fs (sda1): re-mounted. Opts: (null)
[[0;32m  OK  [0m] Started Remount Root and Kernel File Systems.
         Starting Load/Save Random Seed...
         Starting Flush Journal to Persistent Storage...
[[0;32m  OK  [0m] Started Create Static Device Nodes in /dev.
[[0;32m  OK  [0m] Started Apply Kernel Variables.
[[0;32m  OK  [0m] Started Monitoring of LVM2 mirrors,…sing dmeventd or progress polling.
[[0;32m  OK  [0m] Started Load/Save Random Seed.
         Starting udev Kernel Device Manager...
[[0;32m  OK  [0m] Started Flush Journal to Persistent Storage.
[[0;32m  OK  [0m] Started udev Kernel Device Manager.
[[0;32m  OK  [0m] Found device /dev/ttyS0.
[[0;32m  OK  [0m] Listening on Load/Save RF Kill Switch Status /dev/rfkill Watch.
[[0;32m  OK  [0m] Started Set the console keyboard layout.
         Mounting Arbitrary Executable File Formats File System...
[[0;32m  OK  [0m] Started Dispatch Password Requests to Console Directory Watch.
[[0;32m  OK  [0m] Reached target Local Encrypted Volumes.
[[0;32m  OK  [0m] Reached target Local File Systems (Pre).
[[0;32m  OK  [0m] Reached target Local File Systems.
         Starting AppArmor initialization...
         Starting Commit a transient machine-id on disk...
         Starting Set console font and keymap...
         Starting Create Volatile Files and Directories...
         Starting Tell Plymouth To Write Out Runtime Data...
         Starting ebtables ruleset management...
[[0;32m  OK  [0m] Mounted Arbitrary Executable File Formats File System.
[[0;32m  OK  [0m] Started Tell Plymouth To Write Out Runtime Data.
[[0;32m  OK  [0m] Started Create Volatile Files and Directories.
         Starting Update UTMP about System Boot/Shutdown...
[[0;32m  OK  [0m] Started Update UTMP about System Boot/Shutdown.
[[0;32m  OK  [0m] Started Commit a transient machine-id on disk.
[[0;32m  OK  [0m] Started ebtables ruleset management.
[[0;32m  OK  [0m] Started AppArmor initialization.
         Starting Initial cloud-init job (pre-networking)...
         Starting Load AppArmor profiles managed internally by snapd...
[[0;32m  OK  [0m] Started Load AppArmor profiles managed internally by snapd.
[[0;32m  OK  [0m] Started Set console font and keymap.
[   30.671214] cloud-init[759]: Cloud-init v. 23.1.2-0ubuntu0~18.04.1 running 'init-local' at Sat, 13 Apr 2024 01:10:41 +0000. Up 29.95 seconds.
[[0;32m  OK  [0m] Started Initial cloud-init job (pre-networking).
[[0;32m  OK  [0m] Reached target Network (Pre).
         Starting Network Service...
[[0;32m  OK  [0m] Started Network Service.
         Starting Network Name Resolution...
         Starting Wait for Network to be Configured...
[[0;32m  OK  [0m] Started Network Name Resolution.
[[0;32m  OK  [0m] Reached target Network.
[[0;32m  OK  [0m] Reached target Host and Network Name Lookups.
[[0;32m  OK  [0m] Started Wait for Network to be Configured.
         Starting Initial cloud-init job (metadata service crawler)...
[   32.885668] cloud-init[925]: Cloud-init v. 23.1.2-0ubuntu0~18.04.1 running 'init' at Sat, 13 Apr 2024 01:10:44 +0000. Up 32.64 seconds.
[   32.903846] cloud-init[925]: ci-info: ++++++++++++++++++++++++++++++++++++++Net device info+++++++++++++++++++++++++++++++++++++++
[   32.925197] cloud-init[925]: ci-info: +--------+-------+----------------------------+---------------+--------+-------------------+
[   32.939559] cloud-init[925]: ci-info: | Device |   Up  |          Address           |      Mask     | Scope  |     Hw-Address    |
[   32.952776] cloud-init[925]: ci-info: +--------+-------+----------------------------+---------------+--------+-------------------+
[   32.968763] cloud-init[925]: ci-info: | enp0s3 |  True |         10.0.2.15          | 255.255.255.0 | global | 02:3b:7b:b7:3b:2d |
[   32.984217] cloud-init[925]: ci-info: | enp0s3 |  True | fe80::3b:7bff:feb7:3b2d/64 |       .       |  link  | 02:3b:7b:b7:3b:2d |
[   32.995021] cloud-init[925]: ci-info: | enp0s8 | False |             .              |       .       |   .    | 08:00:27:8d:27:5e |
[   33.007570] cloud-init[925]: ci-info: |   lo   |  True |         127.0.0.1          |   255.0.0.0   |  host  |         .         |
[   33.030232] cloud-init[925]: ci-info: |   lo   |  True |          ::1/128           |       .       |  host  |         .         |
[   33.052744] cloud-init[925]: ci-info: +--------+-------+----------------------------+---------------+--------+-------------------+
[   33.071953] cloud-init[925]: ci-info: ++++++++++++++++++++++++++++Route IPv4 info+++++++++++++++++++++++++++++
[   33.086959] cloud-init[925]: ci-info: +-------+-------------+----------+-----------------+-----------+-------+
[   33.095643] cloud-init[925]: ci-info: | Route | Destination | Gateway  |     Genmask     | Interface | Flags |
[   33.111913] cloud-init[925]: ci-info: +-------+-------------+----------+-----------------+-----------+-------+
[   33.125323] cloud-init[925]: ci-info: |   0   |   0.0.0.0   | 10.0.2.2 |     0.0.0.0     |   enp0s3  |   UG  |
[   33.135744] cloud-init[925]: ci-info: |   1   |   10.0.2.0  | 0.0.0.0  |  255.255.255.0  |   enp0s3  |   U   |
[   33.145569] cloud-init[925]: ci-info: |   2   |   10.0.2.2  | 0.0.0.0  | 255.255.255.255 |   enp0s3  |   UH  |
[   33.157423] cloud-init[925]: ci-info: +-------+-------------+----------+-----------------+-----------+-------+
[   33.167720] cloud-init[925]: ci-info: +++++++++++++++++++Route IPv6 info+++++++++++++++++++
[   33.174944] cloud-init[925]: ci-info: +-------+-------------+---------+-----------+-------+
[   33.185996] cloud-init[925]: ci-info: | Route | Destination | Gateway | Interface | Flags |
[   33.192070] cloud-init[925]: ci-info: +-------+-------------+---------+-----------+-------+
[   33.201739] cloud-init[925]: ci-info: |   1   |  fe80::/64  |    ::   |   enp0s3  |   U   |
[   33.209023] cloud-init[925]: ci-info: |   3   |    local    |    ::   |   enp0s3  |   U   |
[   33.215101] cloud-init[925]: ci-info: |   4   |   ff00::/8  |    ::   |   enp0s3  |   U   |
[   33.221139] cloud-init[925]: ci-info: +-------+-------------+---------+-----------+-------+
[   34.896462] cloud-init[925]: Generating public/private rsa key pair.
[   34.913929] cloud-init[925]: Your identification has been saved in /etc/ssh/ssh_host_rsa_key.
[   34.925815] cloud-init[925]: Your public key has been saved in /etc/ssh/ssh_host_rsa_key.pub.
[   34.948928] cloud-init[925]: The key fingerprint is:
[   34.959730] cloud-init[925]: SHA256:6uKO5kbm1heYE+VypLlVHLcKiM4kmnt9ZrojEdfaC4o root@ubuntu-bionic[[0;32m  OK  [0m] Started Initial cloud-init job (metadata service crawler).
[[0;32m  OK  [0m] Reached target Cloud-config availability.
[[0;32m  OK  [0m] Reached target Network is Online.

         Starting Availability of block devices...
[[0;32m  OK  [0m] Reached target Remote File Systems (Pre).
[[0;32m  OK  [0m] Reached target Remote File Systems.
[[0;32m  OK  [0m] Reached target System Initialization.
[[0;32m  OK  [0m] Started Discard unused blocks once a week.
[[0;32m  OK  [0m] Listening on cloud-init hotplug hook socket.
[[0;32m  OK  [0m] Listening on D-Bus System Message Bus Socket.
[   35.029691] cloud-init[925]: The key's randomart image is:
[   35.063232] cloud-init[925]: +---[RSA 2048]----+
[[0;32m  OK  [0m] Started Daily apt download activities.
[[0;32m  OK  [0m] Started Daily apt upgrade and clean activities.
[   35.071663] cloud-init[925]: |       ....      |
[   35.091166] cloud-init[925]: |   . .o o. .     |
[   35.097459] cloud-init[925]: |. o .B..  .      |
[[0;32m  OK  [0m] Listening on UUID daemon activation socket.
[   35.107228] cloud-init[925]: |.*. * =. .       |
[   35.118895] cloud-init[925]: |o oo @  S        |
[   35.136858]          Starting LXD - unix socket.
[[0;32m  OK  [0m] Started Message of the Day.
[[0;32m  OK  [0m] Started Ubuntu Advantage Timer for running repeated jobs.
[[0;32m  OK  [0m] Started Daily Cleanup of Temporary Directories.
[[0;32m  OK  [0m] Started ACPI Events Check.
[[0;32m  OK  [0m] Reached target Paths.
[[0;32m  OK  [0m] Listening on ACPID Listen Socket.
[[0;32m  OK  [0m] Listening on Open-iSCSI iscsid Socket.
[[0;32m  OK  [0m] Reached target Timers.
         Starting Socket activation for snappy daemon.
[[0;32m  OK  [0m] Started Availability of block devices.
[[0;32m  OK  [0m] Listening on LXD - unix socket.
[[0;32m  OK  [0m] Listening on Socket activation for snappy daemon.
[[0;32m  OK  [0m] Reached target Sockets.
[[0;32m  OK  [0m] Reached target Basic System.
cloud-init[925]:          Starting Pollinate to seed the pseudo random number generator...
         Starting Accounts Service...
         Starting Dispatcher daemon for systemd-networkd...
[[0;32m  OK  [0m] Reached target Login Prompts (Pre).
         Starting LSB: automatic crash report generation...
| .+.B o.         |
[   35.303193]          Starting Login Service...
         Starting LSB: Record successful boot for GRUB...
[[0;32m  OK  [0m] Started Deferred execution scheduler.
         Starting Permit User Sessions...
         Starting Snap Daemon...
[[0;32m  OK  [0m] Started irqbalance daemon.
         Starting Virtualbox guest utils...
[[0;32m  OK  [0m] Started FUSE filesystem for LXC.
cloud-init[925]: |.=.+.o=o         |
[   35.433428] cloud-init[925]: |E.B.+*o          |
[   35.445363] cloud-init[925]: | =o+==.          |
[   35.475803] [[0;32m  OK  [0m] Started Regular background program processing daemon.
[[0;32m  OK  [0m] Started D-Bus System Message Bus.
cloud-init[925]: +----[SHA256]-----+
[   35.517202] cloud-init[925]: Generating public/private dsa key pair.
[   35.552878] cloud-init[925]: Your identification has been saved in /etc/ssh/ssh_host_dsa_key.
[   35.559958] cloud-init[925]: Your public key has been saved in /etc/ssh/ssh_host_dsa_key.pub.
[   35.567446] cloud-init[925]: The key fingerprint is:
[   35.571168] cloud-init[925]: SHA256:Kj85wGJq7dqfUcbYAaXEpmAPUtAlff0ucBZP3s3SmmY root@ubuntu-bionic
[   35.578707] cloud-init[925]: The key's randomart image is:
[   35.583049] cloud-init[925]: +---[DSA 1024]----+
[   35.607757] cloud-init[925]: |.+oooo.o         |
[   35.614171] cloud-init[925]: |.+..oo+ o .      |
[   35.626984] cloud-init[925]: |o + oo . * . +   |
[   35.648105] cloud-init[925]: |   o  = + + o +  |
[   35.658237] cloud-init[925]: |   . . OS.   +   |
[   35.692663] cloud-init[925]: |  o o o.. . E    |
[   35.710221] cloud-init[925]: | o...o.. . o     |
[   35.738772] cloud-init[925]: |.... o*          |
[   35.799602] cloud-init[925]: |..oo.o.o         |
[   35.837041] cloud-init[925]: +----[SHA256]-----+
[   35.866948] cloud-init[925]: Generating public/private ecdsa key pair.
[   35.881747] cloud-init[925]: Your identification has been saved in /etc/ssh/ssh_host_ecdsa_key.
[   35.898620] cloud-init[925]: Your public key has been saved in /etc/ssh/ssh_host_ecdsa_key.pub.
[   35.923170] cloud-init[925]: The key fingerprint is:
[   35.975033] cloud-init[925]: SHA256:1168N544LolCCfRbjGYimD4RbPLOBIuhLwEMUm0Yxl4 root@ubuntu-bionic
[   35.975123] cloud-init[925]: The key's randomart image is:
[   35.976542] cloud-init[925]: +---[ECDSA 256]---+
[   35.976616] cloud-init[925]: |*o++             |
[   35.976665] cloud-init[925]: |**o E.           |
[   35.977666] cloud-init[925]: |**+o. . o        |
[   35.978541] cloud-init[925]: |=++. o = o . .   |
[[0;32m  OK  [0m] Started Login Service.
[[0;32m  OK  [0m] Started Unattended Upgrades Shutdown.
[   35.979485] cloud-init[925]: |.*. . = S . . o  |
         Starting System Logging Service...
[   36.021793]          Starting LXD - container startup/shutdown...
cloud-init[925]: |.o+    + . . . . |
[   36.057444] [[0;32m  OK  [0m] Started Permit User Sessions.
cloud-init[925]: | ..   .   . o ...|
[   36.072011] cloud-init[925]:          Starting Hold until boot process finishes up...
         Starting Terminate Plymouth Boot Screen...
|       . . o .o.o|[[0;32m  OK  [0m] Started Terminate Plymouth Boot Screen.

[[0;32m  OK  [0m] Started Hold until boot process finishes up.
         [   36.163041] cloud-initStarting Set console scheme...
[[0;32m  OK  [0m] Started Serial Getty on ttyS0.
[925]: |        .   oo.o |
[   36.349365] cloud-init[925]: +----[SHA256]-----+
[   36.374822] cloud-init[925]: Generating public/private ed25519 key pair.
[   36.413102] cloud-init[925]: Your identification has been saved in /etc/ssh/ssh_host_ed25519_key.
[[0;32m  OK  [0m] Started LSB: automatic crash report generation.
[   36.446809] cloud-init[[0;32m  OK  [0m] Started System Logging Service.
[925]: Your public key has been saved in /etc/ssh/ssh_host_ed25519_key.pub.
[   36.491962] cloud-init[925]: The key fingerprint is:
[   36.517004] cloud-init[925]: SHA256:gqX4+DYRapvXZhPt/BXotGlj4zbRg+f5s10Hc9YRsn8 root@ubuntu-bionic
[   36.530011] cloud-init[925]: The key's randomart image is:
[   36.541420] cloud-init[925]: +--[ED25519 256]--+
[   36.564602] cloud-init[925]: |             . . |
[   36.597457] cloud-init[925]: |              o .|
[   36.601513] cloud-init[925]: |      .      . . |
[   36.607760] cloud-init[925]: |   ..+     .  . o|
[   36.611632] cloud-init[925]: |  ..o...S oo. o.E|
[   36.617426] cloud-init[925]: |  oo. ...ooo+. =.|
[   36.622677] cloud-init[925]: | ..o.o +  O+.o  o|
[[0;32m  OK  [0m] Started Dispatcher daemon for systemd-networkd.
[[0;32m  OK  [0m] Started Set console scheme.
[[0;32m  OK  [0m] Created slice system-getty.slice.
[[0;32m  OK  [0m] Started Getty on tty1.
[[0;32m  OK  [0m] Reached target Login Prompts.
         Starting Authorization Manager...
[   36.697819] [[0;32m  OK  [0m] Started LSB: Record successful boot for GRUB.
cloud-init[925]: |  o.+ = o+o+o ..o|
[   36.853515] cloud-init[925]: |   o.+ . oo. .oo.|
[   36.883284] cloud-init[925]: +----[SHA256]-----+
[[0;32m  OK  [0m] Started Authorization Manager.
[[0;32m  OK  [0m] Started Accounts Service.
[[0;32m  OK  [0m] Started Virtualbox guest utils.
[[0;32m  OK  [0m] Started LXD - container startup/shutdown.
[[0;32m  OK  [0m] Started Snap Daemon.
         Starting Wait until snapd is fully seeded...
         Starting Time & Date Service...
[[0;32m  OK  [0m] Started Time & Date Service.

Ubuntu 18.04.6 LTS ubuntu-bionic ttyS0

ubuntu-bionic login: [   78.188286] cloud-init[2663]: Cloud-init v. 23.1.2-0ubuntu0~18.04.1 running 'modules:config' at Sat, 13 Apr 2024 01:11:28 +0000. Up 76.78 seconds.
ci-info: no authorized SSH keys fingerprints found for user ubuntu.
<14>Apr 13 01:11:31 cloud-init: #############################################################
<14>Apr 13 01:11:31 cloud-init: -----BEGIN SSH HOST KEY FINGERPRINTS-----
<14>Apr 13 01:11:31 cloud-init: 1024 SHA256:Kj85wGJq7dqfUcbYAaXEpmAPUtAlff0ucBZP3s3SmmY root@ubuntu-bionic (DSA)
<14>Apr 13 01:11:31 cloud-init: 256 SHA256:1168N544LolCCfRbjGYimD4RbPLOBIuhLwEMUm0Yxl4 root@ubuntu-bionic (ECDSA)
<14>Apr 13 01:11:31 cloud-init: 256 SHA256:gqX4+DYRapvXZhPt/BXotGlj4zbRg+f5s10Hc9YRsn8 root@ubuntu-bionic (ED25519)
<14>Apr 13 01:11:31 cloud-init: 2048 SHA256:6uKO5kbm1heYE+VypLlVHLcKiM4kmnt9ZrojEdfaC4o root@ubuntu-bionic (RSA)
<14>Apr 13 01:11:31 cloud-init: -----END SSH HOST KEY FINGERPRINTS-----
<14>Apr 13 01:11:31 cloud-init: #############################################################
-----BEGIN SSH HOST KEY KEYS-----
ecdsa-sha2-nistp256 AAAAE2VjZHNhLXNoYTItbmlzdHAyNTYAAAAIbmlzdHAyNTYAAABBBEIi6pSgIkybMftz8E2BJtBVATHHiM8Y/0/Rv9MAnN2kHi30LaLjPXqRn7JPrAUXjdFnk5RKRYXnalP87TtjxKY= root@ubuntu-bionic
ssh-ed25519 AAAAC3NzaC1lZDI1NTE5AAAAIJ9ry/6fXLCghJLN9/3TzsmJAil7W05s7x8ACqCh3xHp root@ubuntu-bionic
ssh-rsa AAAAB3NzaC1yc2EAAAADAQABAAABAQDqPh9mvJ1Qh1koF1tC50leOsPM7eucpjPH+OkeG7KkfkmefZciAX9HqHFyZMSSgs39L2xoS6MJGigFEdpF6k2uLcgpP9vOEOyu1xSYqdJC7IXLulUOvOKHDJHy2iZ8NelzZAF4G1+gE69kKGZS4ffnwo1nthL901/XESo+EF4WPDKBoSx08fuFK+Tqm9/ar2140n1wtYWhdNNQXsfs44R8KPfCEqthzUTgTwbbIYVdbWl3reBQH8W5eMo5yEru16QHpbtnwhIZFuk8LDAyKU+FjBnz+u57IBoy+4nzsj/v22hBnLr5cv7DsWkmfF/BZ+WxLUci9ppIDldNglbw0D5n root@ubuntu-bionic
-----END SSH HOST KEY KEYS-----
[   80.054386] cloud-init[2868]: Cloud-init v. 23.1.2-0ubuntu0~18.04.1 running 'modules:final' at Sat, 13 Apr 2024 01:11:31 +0000. Up 79.35 seconds.
[   80.055266] cloud-init[2868]: Cloud-init v. 23.1.2-0ubuntu0~18.04.1 finished at Sat, 13 Apr 2024 01:11:31 +0000. Datasource DataSourceNoCloud [seed=/dev/sdb][dsmode=net].  Up 80.01 seconds
